[2016-01-25 23:32:12] production.ERROR: exception 'ReflectionException' with message 'Class App\Http\Controllers\Home/IndexController does not exist' in /Users/bellchen/Code/ysProject/vendor/laravel/framework/src/Illuminate/Routing/Route.php:264
Stack trace:
#0 /Users/bellchen/Code/ysProject/vendor/laravel/framework/src/Illuminate/Routing/Route.php(264): ReflectionMethod->__construct('App\\Http\\Contro...', 'index')
#1 /Users/bellchen/Code/ysProject/vendor/laravel/framework/src/Illuminate/Routing/Router.php(838): Illuminate\Routing\Route->signatureParameters('Illuminate\\Data...')
#2 /Users/bellchen/Code/ysProject/vendor/laravel/framework/src/Illuminate/Routing/Router.php(823): Illuminate\Routing\Router->substituteImplicitBindings(Object(Illuminate\Routing\Route))
#3 /Users/bellchen/Code/ysProject/vendor/laravel/framework/src/Illuminate/Routing/Router.php(806): Illuminate\Routing\Router->substituteBindings(Object(Illuminate\Routing\Route))
#4 /Users/bellchen/Code/ysProject/vendor/laravel/framework/src/Illuminate/Routing/Router.php(670): Illuminate\Routing\Router->findRoute(Object(Illuminate\Http\Request))
#5 /Users/bellchen/Code/ysProject/vendor/laravel/framework/src/Illuminate/Routing/Router.php(654): Illuminate\Routing\Router->dispatchToRoute(Object(Illuminate\Http\Request))
#6 /Users/bellchen/Code/ysProject/vendor/laravel/framework/src/Illuminate/Foundation/Http/Kernel.php(246): Illuminate\Routing\Router->dispatch(Object(Illuminate\Http\Request))
#7 [internal function]: Illuminate\Foundation\Http\Kernel->Illuminate\Foundation\Http\{closure}(Object(Illuminate\Http\Request))
#8 /Users/bellchen/Code/ysProject/vendor/laravel/framework/src/Illuminate/Routing/Pipeline.php(52): call_user_func(Object(Closure), Object(Illuminate\Http\Request))
#9 /Users/bellchen/Code/ysProject/vendor/barryvdh/laravel-debugbar/src/Middleware/Debugbar.php(49): Illuminate\Routing\Pipeline->Illuminate\Routing\{closure}(Object(Illuminate\Http\Request))
#10 [internal function]: Barryvdh\Debugbar\Middleware\Debugbar->handle(Object(Illuminate\Http\Request), Object(Closure))
#11 /Users/bellchen/Code/ysProject/vendor/laravel/framework/src/Illuminate/Pipeline/Pipeline.php(124): call_user_func_array(Array, Array)
#12 [internal function]: Illuminate\Pipeline\Pipeline->Illuminate\Pipeline\{closure}(Object(Illuminate\Http\Request))
#13 /Users/bellchen/Code/ysProject/vendor/laravel/framework/src/Illuminate/Routing/Pipeline.php(32): call_user_func(Object(Closure), Object(Illuminate\Http\Request))
#14 /Users/bellchen/Code/ysProject/vendor/laravel/framework/src/Illuminate/Foundation/Http/Middleware/CheckForMaintenanceMode.php(44): Illuminate\Routing\Pipeline->Illuminate\Routing\{closure}(Object(Illuminate\Http\Request))
#15 [internal function]: Illuminate\Foundation\Http\Middleware\CheckForMaintenanceMode->handle(Object(Illuminate\Http\Request), Object(Closure))
#16 /Users/bellchen/Code/ysProject/vendor/laravel/framework/src/Illuminate/Pipeline/Pipeline.php(124): call_user_func_array(Array, Array)
#17 [internal function]: Illuminate\Pipeline\Pipeline->Illuminate\Pipeline\{closure}(Object(Illuminate\Http\Request))
#18 /Users/bellchen/Code/ysProject/vendor/laravel/framework/src/Illuminate/Routing/Pipeline.php(32): call_user_func(Object(Closure), Object(Illuminate\Http\Request))
#19 [internal function]: Illuminate\Routing\Pipeline->Illuminate\Routing\{closure}(Object(Illuminate\Http\Request))
#20 /Users/bellchen/Code/ysProject/vendor/laravel/framework/src/Illuminate/Pipeline/Pipeline.php(103): call_user_func(Object(Closure), Object(Illuminate\Http\Request))
#21 /Users/bellchen/Code/ysProject/vendor/laravel/framework/src/Illuminate/Foundation/Http/Kernel.php(132): Illuminate\Pipeline\Pipeline->then(Object(Closure))
#22 /Users/bellchen/Code/ysProject/vendor/laravel/framework/src/Illuminate/Foundation/Http/Kernel.php(99): Illuminate\Foundation\Http\Kernel->sendRequestThroughRouter(Object(Illuminate\Http\Request))
#23 /Users/bellchen/Code/ysProject/public/index.php(54): Illuminate\Foundation\Http\Kernel->handle(Object(Illuminate\Http\Request))
#24 {main}  
[2016-01-25 23:33:00] production.ERROR: exception 'ReflectionException' with message 'Class App\Http\Controllers\Home/IndexController does not exist' in /Users/bellchen/Code/ysProject/vendor/laravel/framework/src/Illuminate/Routing/Route.php:264
Stack trace:
#0 /Users/bellchen/Code/ysProject/vendor/laravel/framework/src/Illuminate/Routing/Route.php(264): ReflectionMethod->__construct('App\\Http\\Contro...', 'index')
#1 /Users/bellchen/Code/ysProject/vendor/laravel/framework/src/Illuminate/Routing/Router.php(838): Illuminate\Routing\Route->signatureParameters('Illuminate\\Data...')
#2 /Users/bellchen/Code/ysProject/vendor/laravel/framework/src/Illuminate/Routing/Router.php(823): Illuminate\Routing\Router->substituteImplicitBindings(Object(Illuminate\Routing\Route))
#3 /Users/bellchen/Code/ysProject/vendor/laravel/framework/src/Illuminate/Routing/Router.php(806): Illuminate\Routing\Router->substituteBindings(Object(Illuminate\Routing\Route))
#4 /Users/bellchen/Code/ysProject/vendor/laravel/framework/src/Illuminate/Routing/Router.php(670): Illuminate\Routing\Router->findRoute(Object(Illuminate\Http\Request))
#5 /Users/bellchen/Code/ysProject/vendor/laravel/framework/src/Illuminate/Routing/Router.php(654): Illuminate\Routing\Router->dispatchToRoute(Object(Illuminate\Http\Request))
#6 /Users/bellchen/Code/ysProject/vendor/laravel/framework/src/Illuminate/Foundation/Http/Kernel.php(246): Illuminate\Routing\Router->dispatch(Object(Illuminate\Http\Request))
#7 [internal function]: Illuminate\Foundation\Http\Kernel->Illuminate\Foundation\Http\{closure}(Object(Illuminate\Http\Request))
#8 /Users/bellchen/Code/ysProject/vendor/laravel/framework/src/Illuminate/Routing/Pipeline.php(52): call_user_func(Object(Closure), Object(Illuminate\Http\Request))
#9 /Users/bellchen/Code/ysProject/vendor/barryvdh/laravel-debugbar/src/Middleware/Debugbar.php(49): Illuminate\Routing\Pipeline->Illuminate\Routing\{closure}(Object(Illuminate\Http\Request))
#10 [internal function]: Barryvdh\Debugbar\Middleware\Debugbar->handle(Object(Illuminate\Http\Request), Object(Closure))
#11 /Users/bellchen/Code/ysProject/vendor/laravel/framework/src/Illuminate/Pipeline/Pipeline.php(124): call_user_func_array(Array, Array)
#12 [internal function]: Illuminate\Pipeline\Pipeline->Illuminate\Pipeline\{closure}(Object(Illuminate\Http\Request))
#13 /Users/bellchen/Code/ysProject/vendor/laravel/framework/src/Illuminate/Routing/Pipeline.php(32): call_user_func(Object(Closure), Object(Illuminate\Http\Request))
#14 /Users/bellchen/Code/ysProject/vendor/laravel/framework/src/Illuminate/Foundation/Http/Middleware/CheckForMaintenanceMode.php(44): Illuminate\Routing\Pipeline->Illuminate\Routing\{closure}(Object(Illuminate\Http\Request))
#15 [internal function]: Illuminate\Foundation\Http\Middleware\CheckForMaintenanceMode->handle(Object(Illuminate\Http\Request), Object(Closure))
#16 /Users/bellchen/Code/ysProject/vendor/laravel/framework/src/Illuminate/Pipeline/Pipeline.php(124): call_user_func_array(Array, Array)
#17 [internal function]: Illuminate\Pipeline\Pipeline->Illuminate\Pipeline\{closure}(Object(Illuminate\Http\Request))
#18 /Users/bellchen/Code/ysProject/vendor/laravel/framework/src/Illuminate/Routing/Pipeline.php(32): call_user_func(Object(Closure), Object(Illuminate\Http\Request))
#19 [internal function]: Illuminate\Routing\Pipeline->Illuminate\Routing\{closure}(Object(Illuminate\Http\Request))
#20 /Users/bellchen/Code/ysProject/vendor/laravel/framework/src/Illuminate/Pipeline/Pipeline.php(103): call_user_func(Object(Closure), Object(Illuminate\Http\Request))
#21 /Users/bellchen/Code/ysProject/vendor/laravel/framework/src/Illuminate/Foundation/Http/Kernel.php(132): Illuminate\Pipeline\Pipeline->then(Object(Closure))
#22 /Users/bellchen/Code/ysProject/vendor/laravel/framework/src/Illuminate/Foundation/Http/Kernel.php(99): Illuminate\Foundation\Http\Kernel->sendRequestThroughRouter(Object(Illuminate\Http\Request))
#23 /Users/bellchen/Code/ysProject/public/index.php(54): Illuminate\Foundation\Http\Kernel->handle(Object(Illuminate\Http\Request))
#24 {main}  
[2016-01-25 23:42:48] production.ERROR: exception 'InvalidArgumentException' with message 'View [welcome.blade] not found.' in /Users/bellchen/Code/ysProject/vendor/laravel/framework/src/Illuminate/View/FileViewFinder.php:137
Stack trace:
#0 /Users/bellchen/Code/ysProject/vendor/laravel/framework/src/Illuminate/View/FileViewFinder.php(79): Illuminate\View\FileViewFinder->findInPaths('welcome.blade', Array)
#1 /Users/bellchen/Code/ysProject/vendor/laravel/framework/src/Illuminate/View/Factory.php(151): Illuminate\View\FileViewFinder->find('welcome.blade')
#2 /Users/bellchen/Code/ysProject/vendor/laravel/framework/src/Illuminate/Foundation/helpers.php(737): Illuminate\View\Factory->make('welcome.blade', Array, Array)
#3 /Users/bellchen/Code/ysProject/app/Http/Controllers/Home/IndexController.php(14): view('welcome.blade')
#4 [internal function]: App\Http\Controllers\Home\IndexController->index()
#5 /Users/bellchen/Code/ysProject/vendor/laravel/framework/src/Illuminate/Routing/Controller.php(76): call_user_func_array(Array, Array)
#6 /Users/bellchen/Code/ysProject/vendor/laravel/framework/src/Illuminate/Routing/ControllerDispatcher.php(146): Illuminate\Routing\Controller->callAction('index', Array)
#7 /Users/bellchen/Code/ysProject/vendor/laravel/framework/src/Illuminate/Routing/ControllerDispatcher.php(94): Illuminate\Routing\ControllerDispatcher->call(Object(App\Http\Controllers\Home\IndexController), Object(Illuminate\Routing\Route), 'index')
#8 [internal function]: Illuminate\Routing\ControllerDispatcher->Illuminate\Routing\{closure}(Object(Illuminate\Http\Request))
#9 /Users/bellchen/Code/ysProject/vendor/laravel/framework/src/Illuminate/Routing/Pipeline.php(52): call_user_func(Object(Closure), Object(Illuminate\Http\Request))
#10 [internal function]: Illuminate\Routing\Pipeline->Illuminate\Routing\{closure}(Object(Illuminate\Http\Request))
#11 /Users/bellchen/Code/ysProject/vendor/laravel/framework/src/Illuminate/Pipeline/Pipeline.php(103): call_user_func(Object(Closure), Object(Illuminate\Http\Request))
#12 /Users/bellchen/Code/ysProject/vendor/laravel/framework/src/Illuminate/Routing/ControllerDispatcher.php(96): Illuminate\Pipeline\Pipeline->then(Object(Closure))
#13 /Users/bellchen/Code/ysProject/vendor/laravel/framework/src/Illuminate/Routing/ControllerDispatcher.php(54): Illuminate\Routing\ControllerDispatcher->callWithinStack(Object(App\Http\Controllers\Home\IndexController), Object(Illuminate\Routing\Route), Object(Illuminate\Http\Request), 'index')
#14 /Users/bellchen/Code/ysProject/vendor/laravel/framework/src/Illuminate/Routing/Route.php(174): Illuminate\Routing\ControllerDispatcher->dispatch(Object(Illuminate\Routing\Route), Object(Illuminate\Http\Request), 'App\\Http\\Contro...', 'index')
#15 /Users/bellchen/Code/ysProject/vendor/laravel/framework/src/Illuminate/Routing/Route.php(140): Illuminate\Routing\Route->runController(Object(Illuminate\Http\Request))
#16 /Users/bellchen/Code/ysProject/vendor/laravel/framework/src/Illuminate/Routing/Router.php(703): Illuminate\Routing\Route->run(Object(Illuminate\Http\Request))
#17 [internal function]: Illuminate\Routing\Router->Illuminate\Routing\{closure}(Object(Illuminate\Http\Request))
#18 /Users/bellchen/Code/ysProject/vendor/laravel/framework/src/Illuminate/Routing/Pipeline.php(52): call_user_func(Object(Closure), Object(Illuminate\Http\Request))
#19 [internal function]: Illuminate\Routing\Pipeline->Illuminate\Routing\{closure}(Object(Illuminate\Http\Request))
#20 /Users/bellchen/Code/ysProject/vendor/laravel/framework/src/Illuminate/Pipeline/Pipeline.php(103): call_user_func(Object(Closure), Object(Illuminate\Http\Request))
#21 /Users/bellchen/Code/ysProject/vendor/laravel/framework/src/Illuminate/Routing/Router.php(705): Illuminate\Pipeline\Pipeline->then(Object(Closure))
#22 /Users/bellchen/Code/ysProject/vendor/laravel/framework/src/Illuminate/Routing/Router.php(678): Illuminate\Routing\Router->runRouteWithinStack(Object(Illuminate\Routing\Route), Object(Illuminate\Http\Request))
#23 /Users/bellchen/Code/ysProject/vendor/laravel/framework/src/Illuminate/Routing/Router.php(654): Illuminate\Routing\Router->dispatchToRoute(Object(Illuminate\Http\Request))
#24 /Users/bellchen/Code/ysProject/vendor/laravel/framework/src/Illuminate/Foundation/Http/Kernel.php(246): Illuminate\Routing\Router->dispatch(Object(Illuminate\Http\Request))
#25 [internal function]: Illuminate\Foundation\Http\Kernel->Illuminate\Foundation\Http\{closure}(Object(Illuminate\Http\Request))
#26 /Users/bellchen/Code/ysProject/vendor/laravel/framework/src/Illuminate/Routing/Pipeline.php(52): call_user_func(Object(Closure), Object(Illuminate\Http\Request))
#27 /Users/bellchen/Code/ysProject/vendor/barryvdh/laravel-debugbar/src/Middleware/Debugbar.php(49): Illuminate\Routing\Pipeline->Illuminate\Routing\{closure}(Object(Illuminate\Http\Request))
#28 [internal function]: Barryvdh\Debugbar\Middleware\Debugbar->handle(Object(Illuminate\Http\Request), Object(Closure))
#29 /Users/bellchen/Code/ysProject/vendor/laravel/framework/src/Illuminate/Pipeline/Pipeline.php(124): call_user_func_array(Array, Array)
#30 [internal function]: Illuminate\Pipeline\Pipeline->Illuminate\Pipeline\{closure}(Object(Illuminate\Http\Request))
#31 /Users/bellchen/Code/ysProject/vendor/laravel/framework/src/Illuminate/Routing/Pipeline.php(32): call_user_func(Object(Closure), Object(Illuminate\Http\Request))
#32 /Users/bellchen/Code/ysProject/vendor/laravel/framework/src/Illuminate/Foundation/Http/Middleware/CheckForMaintenanceMode.php(44): Illuminate\Routing\Pipeline->Illuminate\Routing\{closure}(Object(Illuminate\Http\Request))
#33 [internal function]: Illuminate\Foundation\Http\Middleware\CheckForMaintenanceMode->handle(Object(Illuminate\Http\Request), Object(Closure))
#34 /Users/bellchen/Code/ysProject/vendor/laravel/framework/src/Illuminate/Pipeline/Pipeline.php(124): call_user_func_array(Array, Array)
#35 [internal function]: Illuminate\Pipeline\Pipeline->Illuminate\Pipeline\{closure}(Object(Illuminate\Http\Request))
#36 /Users/bellchen/Code/ysProject/vendor/laravel/framework/src/Illuminate/Routing/Pipeline.php(32): call_user_func(Object(Closure), Object(Illuminate\Http\Request))
#37 [internal function]: Illuminate\Routing\Pipeline->Illuminate\Routing\{closure}(Object(Illuminate\Http\Request))
#38 /Users/bellchen/Code/ysProject/vendor/laravel/framework/src/Illuminate/Pipeline/Pipeline.php(103): call_user_func(Object(Closure), Object(Illuminate\Http\Request))
#39 /Users/bellchen/Code/ysProject/vendor/laravel/framework/src/Illuminate/Foundation/Http/Kernel.php(132): Illuminate\Pipeline\Pipeline->then(Object(Closure))
#40 /Users/bellchen/Code/ysProject/vendor/laravel/framework/src/Illuminate/Foundation/Http/Kernel.php(99): Illuminate\Foundation\Http\Kernel->sendRequestThroughRouter(Object(Illuminate\Http\Request))
#41 /Users/bellchen/Code/ysProject/public/index.php(54): Illuminate\Foundation\Http\Kernel->handle(Object(Illuminate\Http\Request))
#42 {main}  
[2016-03-03 15:25:58] local.ERROR: exception 'Symfony\Component\Debug\Exception\FatalErrorException' with message 'Class 'App\Http\Controllers\Admin\Craft' not found' in F:\wamp\www\ysProject\app\Http\Controllers\Admin\CraftController.php:24
Stack trace:
#0 F:\wamp\www\ysProject\vendor\laravel\framework\src\Illuminate\Foundation\Bootstrap\HandleExceptions.php(133): Symfony\Component\Debug\Exception\FatalErrorException->__construct()
#1 F:\wamp\www\ysProject\vendor\laravel\framework\src\Illuminate\Foundation\Bootstrap\HandleExceptions.php(118): Illuminate\Foundation\Bootstrap\HandleExceptions->fatalExceptionFromError()
#2 F:\wamp\www\ysProject\vendor\laravel\framework\src\Illuminate\Foundation\Bootstrap\HandleExceptions.php(0): Illuminate\Foundation\Bootstrap\HandleExceptions->handleShutdown()
#3 F:\wamp\www\ysProject\vendor\laravel\framework\src\Illuminate\Routing\Controller.php(76): App\Http\Controllers\Admin\CraftController->showCraftOfEnd()
#4 F:\wamp\www\ysProject\vendor\laravel\framework\src\Illuminate\Routing\Controller.php(76): call_user_func_array:{F:\wamp\www\ysProject\vendor\laravel\framework\src\Illuminate\Routing\Controller.php:76}()
#5 F:\wamp\www\ysProject\vendor\laravel\framework\src\Illuminate\Routing\ControllerDispatcher.php(146): Illuminate\Routing\Controller->callAction()
#6 F:\wamp\www\ysProject\vendor\laravel\framework\src\Illuminate\Routing\ControllerDispatcher.php(94): Illuminate\Routing\ControllerDispatcher->call()
#7 F:\wamp\www\ysProject\vendor\laravel\framework\src\Illuminate\Routing\Pipeline.php(52): Illuminate\Routing\ControllerDispatcher->Illuminate\Routing\{closure}()
#8 F:\wamp\www\ysProject\vendor\laravel\framework\src\Illuminate\Routing\Pipeline.php(52): call_user_func:{F:\wamp\www\ysProject\vendor\laravel\framework\src\Illuminate\Routing\Pipeline.php:52}()
#9 F:\wamp\www\ysProject\vendor\laravel\framework\src\Illuminate\Pipeline\Pipeline.php(103): Illuminate\Routing\Pipeline->Illuminate\Routing\{closure}()
#10 F:\wamp\www\ysProject\vendor\laravel\framework\src\Illuminate\Pipeline\Pipeline.php(103): call_user_func:{F:\wamp\www\ysProject\vendor\laravel\framework\src\Illuminate\Pipeline\Pipeline.php:103}()
#11 F:\wamp\www\ysProject\vendor\laravel\framework\src\Illuminate\Routing\ControllerDispatcher.php(96): Illuminate\Pipeline\Pipeline->then()
#12 F:\wamp\www\ysProject\vendor\laravel\framework\src\Illuminate\Routing\ControllerDispatcher.php(54): Illuminate\Routing\ControllerDispatcher->callWithinStack()
#13 F:\wamp\www\ysProject\vendor\laravel\framework\src\Illuminate\Routing\Route.php(174): Illuminate\Routing\ControllerDispatcher->dispatch()
#14 F:\wamp\www\ysProject\vendor\laravel\framework\src\Illuminate\Routing\Route.php(140): Illuminate\Routing\Route->runController()
#15 F:\wamp\www\ysProject\vendor\laravel\framework\src\Illuminate\Routing\Router.php(703): Illuminate\Routing\Route->run()
#16 F:\wamp\www\ysProject\vendor\laravel\framework\src\Illuminate\Routing\Pipeline.php(52): Illuminate\Routing\Router->Illuminate\Routing\{closure}()
#17 F:\wamp\www\ysProject\vendor\laravel\framework\src\Illuminate\Routing\Pipeline.php(52): call_user_func:{F:\wamp\www\ysProject\vendor\laravel\framework\src\Illuminate\Routing\Pipeline.php:52}()
#18 F:\wamp\www\ysProject\vendor\laravel\framework\src\Illuminate\Pipeline\Pipeline.php(103): Illuminate\Routing\Pipeline->Illuminate\Routing\{closure}()
#19 F:\wamp\www\ysProject\vendor\laravel\framework\src\Illuminate\Pipeline\Pipeline.php(103): call_user_func:{F:\wamp\www\ysProject\vendor\laravel\framework\src\Illuminate\Pipeline\Pipeline.php:103}()
#20 F:\wamp\www\ysProject\vendor\laravel\framework\src\Illuminate\Routing\Router.php(705): Illuminate\Pipeline\Pipeline->then()
#21 F:\wamp\www\ysProject\vendor\laravel\framework\src\Illuminate\Routing\Router.php(678): Illuminate\Routing\Router->runRouteWithinStack()
#22 F:\wamp\www\ysProject\vendor\laravel\framework\src\Illuminate\Routing\Router.php(654): Illuminate\Routing\Router->dispatchToRoute()
#23 F:\wamp\www\ysProject\vendor\laravel\framework\src\Illuminate\Foundation\Http\Kernel.php(246): Illuminate\Routing\Router->dispatch()
#24 F:\wamp\www\ysProject\vendor\laravel\framework\src\Illuminate\Routing\Pipeline.php(52): Illuminate\Foundation\Http\Kernel->Illuminate\Foundation\Http\{closure}()
#25 F:\wamp\www\ysProject\vendor\laravel\framework\src\Illuminate\Routing\Pipeline.php(52): call_user_func:{F:\wamp\www\ysProject\vendor\laravel\framework\src\Illuminate\Routing\Pipeline.php:52}()
#26 F:\wamp\www\ysProject\vendor\barryvdh\laravel-debugbar\src\Middleware\Debugbar.php(49): Illuminate\Routing\Pipeline->Illuminate\Routing\{closure}()
#27 F:\wamp\www\ysProject\vendor\laravel\framework\src\Illuminate\Pipeline\Pipeline.php(124): Barryvdh\Debugbar\Middleware\Debugbar->handle()
#28 F:\wamp\www\ysProject\vendor\laravel\framework\src\Illuminate\Pipeline\Pipeline.php(124): call_user_func_array:{F:\wamp\www\ysProject\vendor\laravel\framework\src\Illuminate\Pipeline\Pipeline.php:124}()
#29 F:\wamp\www\ysProject\vendor\laravel\framework\src\Illuminate\Routing\Pipeline.php(32): Illuminate\Pipeline\Pipeline->Illuminate\Pipeline\{closure}()
#30 F:\wamp\www\ysProject\vendor\laravel\framework\src\Illuminate\Routing\Pipeline.php(32): call_user_func:{F:\wamp\www\ysProject\vendor\laravel\framework\src\Illuminate\Routing\Pipeline.php:32}()
#31 F:\wamp\www\ysProject\vendor\laravel\framework\src\Illuminate\Foundation\Http\Middleware\CheckForMaintenanceMode.php(44): Illuminate\Routing\Pipeline->Illuminate\Routing\{closure}()
#32 F:\wamp\www\ysProject\vendor\laravel\framework\src\Illuminate\Pipeline\Pipeline.php(124): Illuminate\Foundation\Http\Middleware\CheckForMaintenanceMode->handle()
#33 F:\wamp\www\ysProject\vendor\laravel\framework\src\Illuminate\Pipeline\Pipeline.php(124): call_user_func_array:{F:\wamp\www\ysProject\vendor\laravel\framework\src\Illuminate\Pipeline\Pipeline.php:124}()
#34 F:\wamp\www\ysProject\vendor\laravel\framework\src\Illuminate\Routing\Pipeline.php(32): Illuminate\Pipeline\Pipeline->Illuminate\Pipeline\{closure}()
#35 F:\wamp\www\ysProject\vendor\laravel\framework\src\Illuminate\Routing\Pipeline.php(32): call_user_func:{F:\wamp\www\ysProject\vendor\laravel\framework\src\Illuminate\Routing\Pipeline.php:32}()
#36 F:\wamp\www\ysProject\vendor\laravel\framework\src\Illuminate\Pipeline\Pipeline.php(103): Illuminate\Routing\Pipeline->Illuminate\Routing\{closure}()
#37 F:\wamp\www\ysProject\vendor\laravel\framework\src\Illuminate\Pipeline\Pipeline.php(103): call_user_func:{F:\wamp\www\ysProject\vendor\laravel\framework\src\Illuminate\Pipeline\Pipeline.php:103}()
#38 F:\wamp\www\ysProject\vendor\laravel\framework\src\Illuminate\Foundation\Http\Kernel.php(132): Illuminate\Pipeline\Pipeline->then()
#39 F:\wamp\www\ysProject\vendor\laravel\framework\src\Illuminate\Foundation\Http\Kernel.php(99): Illuminate\Foundation\Http\Kernel->sendRequestThroughRouter()
#40 F:\wamp\www\ysProject\public\index.php(54): Illuminate\Foundation\Http\Kernel->handle()
#41 F:\wamp\www\ysProject\public\index.php(0): {main}()
#42 {main}  
[2016-03-03 16:06:38] local.ERROR: exception 'Symfony\Component\Debug\Exception\FatalErrorException' with message 'syntax error, unexpected 'Route' (T_STRING)' in F:\wamp\www\ysProject\app\Http\routes.php:20
Stack trace:
#0 F:\wamp\www\ysProject\vendor\laravel\framework\src\Illuminate\Foundation\Bootstrap\HandleExceptions.php(133): Symfony\Component\Debug\Exception\FatalErrorException->__construct()
#1 F:\wamp\www\ysProject\vendor\laravel\framework\src\Illuminate\Foundation\Bootstrap\HandleExceptions.php(118): Illuminate\Foundation\Bootstrap\HandleExceptions->fatalExceptionFromError()
#2 F:\wamp\www\ysProject\vendor\laravel\framework\src\Illuminate\Foundation\Bootstrap\HandleExceptions.php(0): Illuminate\Foundation\Bootstrap\HandleExceptions->handleShutdown()
#3 F:\wamp\www\ysProject\vendor\laravel\framework\src\Illuminate\Routing\Router.php(377): App\Providers\RouteServiceProvider->App\Providers\{closure}()
#4 F:\wamp\www\ysProject\vendor\laravel\framework\src\Illuminate\Routing\Router.php(377): call_user_func:{F:\wamp\www\ysProject\vendor\laravel\framework\src\Illuminate\Routing\Router.php:377}()
#5 F:\wamp\www\ysProject\app\Providers\RouteServiceProvider.php(42): Illuminate\Routing\Router->group()
#6 F:\wamp\www\ysProject\vendor\laravel\framework\src\Illuminate\Container\Container.php(507): App\Providers\RouteServiceProvider->map()
#7 F:\wamp\www\ysProject\vendor\laravel\framework\src\Illuminate\Container\Container.php(507): call_user_func_array:{F:\wamp\www\ysProject\vendor\laravel\framework\src\Illuminate\Container\Container.php:507}()
#8 F:\wamp\www\ysProject\vendor\laravel\framework\src\Illuminate\Foundation\Support\Providers\RouteServiceProvider.php(72): Illuminate\Container\Container->call()
#9 F:\wamp\www\ysProject\vendor\laravel\framework\src\Illuminate\Foundation\Support\Providers\RouteServiceProvider.php(31): Illuminate\Foundation\Support\Providers\RouteServiceProvider->loadRoutes()
#10 F:\wamp\www\ysProject\app\Providers\RouteServiceProvider.php(29): Illuminate\Foundation\Support\Providers\RouteServiceProvider->boot()
#11 F:\wamp\www\ysProject\vendor\laravel\framework\src\Illuminate\Container\Container.php(507): App\Providers\RouteServiceProvider->boot()
#12 F:\wamp\www\ysProject\vendor\laravel\framework\src\Illuminate\Container\Container.php(507): call_user_func_array:{F:\wamp\www\ysProject\vendor\laravel\framework\src\Illuminate\Container\Container.php:507}()
#13 F:\wamp\www\ysProject\vendor\laravel\framework\src\Illuminate\Foundation\Application.php(734): Illuminate\Container\Container->call()
#14 F:\wamp\www\ysProject\vendor\laravel\framework\src\Illuminate\Foundation\Application.php(717): Illuminate\Foundation\Application->bootProvider()
#15 F:\wamp\www\ysProject\vendor\laravel\framework\src\Illuminate\Foundation\Application.php(718): Illuminate\Foundation\Application->Illuminate\Foundation\{closure}()
#16 F:\wamp\www\ysProject\vendor\laravel\framework\src\Illuminate\Foundation\Application.php(718): array_walk()
#17 F:\wamp\www\ysProject\vendor\laravel\framework\src\Illuminate\Foundation\Bootstrap\BootProviders.php(17): Illuminate\Foundation\Application->boot()
#18 F:\wamp\www\ysProject\vendor\laravel\framework\src\Illuminate\Foundation\Application.php(203): Illuminate\Foundation\Bootstrap\BootProviders->bootstrap()
#19 F:\wamp\www\ysProject\vendor\laravel\framework\src\Illuminate\Foundation\Http\Kernel.php(232): Illuminate\Foundation\Application->bootstrapWith()
#20 F:\wamp\www\ysProject\vendor\laravel\framework\src\Illuminate\Foundation\Http\Kernel.php(127): Illuminate\Foundation\Http\Kernel->bootstrap()
#21 F:\wamp\www\ysProject\vendor\laravel\framework\src\Illuminate\Foundation\Http\Kernel.php(99): Illuminate\Foundation\Http\Kernel->sendRequestThroughRouter()
#22 F:\wamp\www\ysProject\public\index.php(54): Illuminate\Foundation\Http\Kernel->handle()
#23 F:\wamp\www\ysProject\public\index.php(0): {main}()
#24 {main}  
[2016-03-03 16:06:52] local.ERROR: exception 'ErrorException' with message 'Missing argument 2 for Illuminate\Routing\Router::post(), called in F:\wamp\www\ysProject\vendor\laravel\framework\src\Illuminate\Support\Facades\Facade.php on line 218 and defined' in F:\wamp\www\ysProject\vendor\laravel\framework\src\Illuminate\Routing\Router.php:139
Stack trace:
#0 F:\wamp\www\ysProject\vendor\laravel\framework\src\Illuminate\Routing\Router.php(139): Illuminate\Foundation\Bootstrap\HandleExceptions->handleError(2, 'Missing argumen...', 'F:\\wamp\\www\\ysP...', 139, Array)
#1 F:\wamp\www\ysProject\vendor\laravel\framework\src\Illuminate\Support\Facades\Facade.php(218): Illuminate\Routing\Router->post('studio/apply,Ad...')
#2 F:\wamp\www\ysProject\app\Http\routes.php(18): Illuminate\Support\Facades\Facade::__callStatic('post', Array)
#3 F:\wamp\www\ysProject\app\Http\routes.php(18): Illuminate\Support\Facades\Route::post('studio/apply,Ad...')
#4 F:\wamp\www\ysProject\app\Providers\RouteServiceProvider.php(41): require('F:\\wamp\\www\\ysP...')
#5 [internal function]: App\Providers\RouteServiceProvider->App\Providers\{closure}(Object(Illuminate\Routing\Router))
#6 F:\wamp\www\ysProject\vendor\laravel\framework\src\Illuminate\Routing\Router.php(377): call_user_func(Object(Closure), Object(Illuminate\Routing\Router))
#7 F:\wamp\www\ysProject\app\Providers\RouteServiceProvider.php(42): Illuminate\Routing\Router->group(Array, Object(Closure))
#8 [internal function]: App\Providers\RouteServiceProvider->map(Object(Illuminate\Routing\Router))
#9 F:\wamp\www\ysProject\vendor\laravel\framework\src\Illuminate\Container\Container.php(507): call_user_func_array(Array, Array)
#10 F:\wamp\www\ysProject\vendor\laravel\framework\src\Illuminate\Foundation\Support\Providers\RouteServiceProvider.php(72): Illuminate\Container\Container->call(Array)
#11 F:\wamp\www\ysProject\vendor\laravel\framework\src\Illuminate\Foundation\Support\Providers\RouteServiceProvider.php(31): Illuminate\Foundation\Support\Providers\RouteServiceProvider->loadRoutes()
#12 F:\wamp\www\ysProject\app\Providers\RouteServiceProvider.php(29): Illuminate\Foundation\Support\Providers\RouteServiceProvider->boot(Object(Illuminate\Routing\Router))
#13 [internal function]: App\Providers\RouteServiceProvider->boot(Object(Illuminate\Routing\Router))
#14 F:\wamp\www\ysProject\vendor\laravel\framework\src\Illuminate\Container\Container.php(507): call_user_func_array(Array, Array)
#15 F:\wamp\www\ysProject\vendor\laravel\framework\src\Illuminate\Foundation\Application.php(734): Illuminate\Container\Container->call(Array)
#16 F:\wamp\www\ysProject\vendor\laravel\framework\src\Illuminate\Foundation\Application.php(717): Illuminate\Foundation\Application->bootProvider(Object(App\Providers\RouteServiceProvider))
#17 [internal function]: Illuminate\Foundation\Application->Illuminate\Foundation\{closure}(Object(App\Providers\RouteServiceProvider), 14)
#18 F:\wamp\www\ysProject\vendor\laravel\framework\src\Illuminate\Foundation\Application.php(718): array_walk(Array, Object(Closure))
#19 F:\wamp\www\ysProject\vendor\laravel\framework\src\Illuminate\Foundation\Bootstrap\BootProviders.php(17): Illuminate\Foundation\Application->boot()
#20 F:\wamp\www\ysProject\vendor\laravel\framework\src\Illuminate\Foundation\Application.php(203): Illuminate\Foundation\Bootstrap\BootProviders->bootstrap(Object(Illuminate\Foundation\Application))
#21 F:\wamp\www\ysProject\vendor\laravel\framework\src\Illuminate\Foundation\Http\Kernel.php(232): Illuminate\Foundation\Application->bootstrapWith(Array)
#22 F:\wamp\www\ysProject\vendor\laravel\framework\src\Illuminate\Foundation\Http\Kernel.php(127): Illuminate\Foundation\Http\Kernel->bootstrap()
#23 F:\wamp\www\ysProject\vendor\laravel\framework\src\Illuminate\Foundation\Http\Kernel.php(99): Illuminate\Foundation\Http\Kernel->sendRequestThroughRouter(Object(Illuminate\Http\Request))
#24 F:\wamp\www\ysProject\public\index.php(54): Illuminate\Foundation\Http\Kernel->handle(Object(Illuminate\Http\Request))
#25 {main}  
[2016-03-03 16:07:12] local.ERROR: exception 'Symfony\Component\Debug\Exception\FatalErrorException' with message 'Class 'App\Http\Controllers\Admin\Studio' not found' in F:\wamp\www\ysProject\app\Http\Controllers\Admin\StudioController.php:33
Stack trace:
#0 F:\wamp\www\ysProject\vendor\laravel\framework\src\Illuminate\Foundation\Bootstrap\HandleExceptions.php(133): Symfony\Component\Debug\Exception\FatalErrorException->__construct()
#1 F:\wamp\www\ysProject\vendor\laravel\framework\src\Illuminate\Foundation\Bootstrap\HandleExceptions.php(118): Illuminate\Foundation\Bootstrap\HandleExceptions->fatalExceptionFromError()
#2 F:\wamp\www\ysProject\vendor\laravel\framework\src\Illuminate\Foundation\Bootstrap\HandleExceptions.php(0): Illuminate\Foundation\Bootstrap\HandleExceptions->handleShutdown()
#3 F:\wamp\www\ysProject\vendor\laravel\framework\src\Illuminate\Routing\Controller.php(76): App\Http\Controllers\Admin\StudioController->submitStudioInfo()
#4 F:\wamp\www\ysProject\vendor\laravel\framework\src\Illuminate\Routing\Controller.php(76): call_user_func_array:{F:\wamp\www\ysProject\vendor\laravel\framework\src\Illuminate\Routing\Controller.php:76}()
#5 F:\wamp\www\ysProject\vendor\laravel\framework\src\Illuminate\Routing\ControllerDispatcher.php(146): Illuminate\Routing\Controller->callAction()
#6 F:\wamp\www\ysProject\vendor\laravel\framework\src\Illuminate\Routing\ControllerDispatcher.php(94): Illuminate\Routing\ControllerDispatcher->call()
#7 F:\wamp\www\ysProject\vendor\laravel\framework\src\Illuminate\Routing\Pipeline.php(52): Illuminate\Routing\ControllerDispatcher->Illuminate\Routing\{closure}()
#8 F:\wamp\www\ysProject\vendor\laravel\framework\src\Illuminate\Routing\Pipeline.php(52): call_user_func:{F:\wamp\www\ysProject\vendor\laravel\framework\src\Illuminate\Routing\Pipeline.php:52}()
#9 F:\wamp\www\ysProject\vendor\laravel\framework\src\Illuminate\Pipeline\Pipeline.php(103): Illuminate\Routing\Pipeline->Illuminate\Routing\{closure}()
#10 F:\wamp\www\ysProject\vendor\laravel\framework\src\Illuminate\Pipeline\Pipeline.php(103): call_user_func:{F:\wamp\www\ysProject\vendor\laravel\framework\src\Illuminate\Pipeline\Pipeline.php:103}()
#11 F:\wamp\www\ysProject\vendor\laravel\framework\src\Illuminate\Routing\ControllerDispatcher.php(96): Illuminate\Pipeline\Pipeline->then()
#12 F:\wamp\www\ysProject\vendor\laravel\framework\src\Illuminate\Routing\ControllerDispatcher.php(54): Illuminate\Routing\ControllerDispatcher->callWithinStack()
#13 F:\wamp\www\ysProject\vendor\laravel\framework\src\Illuminate\Routing\Route.php(174): Illuminate\Routing\ControllerDispatcher->dispatch()
#14 F:\wamp\www\ysProject\vendor\laravel\framework\src\Illuminate\Routing\Route.php(140): Illuminate\Routing\Route->runController()
#15 F:\wamp\www\ysProject\vendor\laravel\framework\src\Illuminate\Routing\Router.php(703): Illuminate\Routing\Route->run()
#16 F:\wamp\www\ysProject\vendor\laravel\framework\src\Illuminate\Routing\Pipeline.php(52): Illuminate\Routing\Router->Illuminate\Routing\{closure}()
#17 F:\wamp\www\ysProject\vendor\laravel\framework\src\Illuminate\Routing\Pipeline.php(52): call_user_func:{F:\wamp\www\ysProject\vendor\laravel\framework\src\Illuminate\Routing\Pipeline.php:52}()
#18 F:\wamp\www\ysProject\vendor\laravel\framework\src\Illuminate\Pipeline\Pipeline.php(103): Illuminate\Routing\Pipeline->Illuminate\Routing\{closure}()
#19 F:\wamp\www\ysProject\vendor\laravel\framework\src\Illuminate\Pipeline\Pipeline.php(103): call_user_func:{F:\wamp\www\ysProject\vendor\laravel\framework\src\Illuminate\Pipeline\Pipeline.php:103}()
#20 F:\wamp\www\ysProject\vendor\laravel\framework\src\Illuminate\Routing\Router.php(705): Illuminate\Pipeline\Pipeline->then()
#21 F:\wamp\www\ysProject\vendor\laravel\framework\src\Illuminate\Routing\Router.php(678): Illuminate\Routing\Router->runRouteWithinStack()
#22 F:\wamp\www\ysProject\vendor\laravel\framework\src\Illuminate\Routing\Router.php(654): Illuminate\Routing\Router->dispatchToRoute()
#23 F:\wamp\www\ysProject\vendor\laravel\framework\src\Illuminate\Foundation\Http\Kernel.php(246): Illuminate\Routing\Router->dispatch()
#24 F:\wamp\www\ysProject\vendor\laravel\framework\src\Illuminate\Routing\Pipeline.php(52): Illuminate\Foundation\Http\Kernel->Illuminate\Foundation\Http\{closure}()
#25 F:\wamp\www\ysProject\vendor\laravel\framework\src\Illuminate\Routing\Pipeline.php(52): call_user_func:{F:\wamp\www\ysProject\vendor\laravel\framework\src\Illuminate\Routing\Pipeline.php:52}()
#26 F:\wamp\www\ysProject\vendor\barryvdh\laravel-debugbar\src\Middleware\Debugbar.php(49): Illuminate\Routing\Pipeline->Illuminate\Routing\{closure}()
#27 F:\wamp\www\ysProject\vendor\laravel\framework\src\Illuminate\Pipeline\Pipeline.php(124): Barryvdh\Debugbar\Middleware\Debugbar->handle()
#28 F:\wamp\www\ysProject\vendor\laravel\framework\src\Illuminate\Pipeline\Pipeline.php(124): call_user_func_array:{F:\wamp\www\ysProject\vendor\laravel\framework\src\Illuminate\Pipeline\Pipeline.php:124}()
#29 F:\wamp\www\ysProject\vendor\laravel\framework\src\Illuminate\Routing\Pipeline.php(32): Illuminate\Pipeline\Pipeline->Illuminate\Pipeline\{closure}()
#30 F:\wamp\www\ysProject\vendor\laravel\framework\src\Illuminate\Routing\Pipeline.php(32): call_user_func:{F:\wamp\www\ysProject\vendor\laravel\framework\src\Illuminate\Routing\Pipeline.php:32}()
#31 F:\wamp\www\ysProject\vendor\laravel\framework\src\Illuminate\Foundation\Http\Middleware\CheckForMaintenanceMode.php(44): Illuminate\Routing\Pipeline->Illuminate\Routing\{closure}()
#32 F:\wamp\www\ysProject\vendor\laravel\framework\src\Illuminate\Pipeline\Pipeline.php(124): Illuminate\Foundation\Http\Middleware\CheckForMaintenanceMode->handle()
#33 F:\wamp\www\ysProject\vendor\laravel\framework\src\Illuminate\Pipeline\Pipeline.php(124): call_user_func_array:{F:\wamp\www\ysProject\vendor\laravel\framework\src\Illuminate\Pipeline\Pipeline.php:124}()
#34 F:\wamp\www\ysProject\vendor\laravel\framework\src\Illuminate\Routing\Pipeline.php(32): Illuminate\Pipeline\Pipeline->Illuminate\Pipeline\{closure}()
#35 F:\wamp\www\ysProject\vendor\laravel\framework\src\Illuminate\Routing\Pipeline.php(32): call_user_func:{F:\wamp\www\ysProject\vendor\laravel\framework\src\Illuminate\Routing\Pipeline.php:32}()
#36 F:\wamp\www\ysProject\vendor\laravel\framework\src\Illuminate\Pipeline\Pipeline.php(103): Illuminate\Routing\Pipeline->Illuminate\Routing\{closure}()
#37 F:\wamp\www\ysProject\vendor\laravel\framework\src\Illuminate\Pipeline\Pipeline.php(103): call_user_func:{F:\wamp\www\ysProject\vendor\laravel\framework\src\Illuminate\Pipeline\Pipeline.php:103}()
#38 F:\wamp\www\ysProject\vendor\laravel\framework\src\Illuminate\Foundation\Http\Kernel.php(132): Illuminate\Pipeline\Pipeline->then()
#39 F:\wamp\www\ysProject\vendor\laravel\framework\src\Illuminate\Foundation\Http\Kernel.php(99): Illuminate\Foundation\Http\Kernel->sendRequestThroughRouter()
#40 F:\wamp\www\ysProject\public\index.php(54): Illuminate\Foundation\Http\Kernel->handle()
#41 F:\wamp\www\ysProject\public\index.php(0): {main}()
#42 {main}  
[2016-03-03 16:07:38] local.ERROR: exception 'Symfony\Component\Debug\Exception\FatalErrorException' with message 'syntax error, unexpected '->' (T_OBJECT_OPERATOR), expecting ')'' in F:\wamp\www\ysProject\app\Http\Models\Studio.php:22
Stack trace:
#0 F:\wamp\www\ysProject\vendor\laravel\framework\src\Illuminate\Foundation\Bootstrap\HandleExceptions.php(133): Symfony\Component\Debug\Exception\FatalErrorException->__construct()
#1 F:\wamp\www\ysProject\vendor\laravel\framework\src\Illuminate\Foundation\Bootstrap\HandleExceptions.php(118): Illuminate\Foundation\Bootstrap\HandleExceptions->fatalExceptionFromError()
#2 F:\wamp\www\ysProject\vendor\laravel\framework\src\Illuminate\Foundation\Bootstrap\HandleExceptions.php(0): Illuminate\Foundation\Bootstrap\HandleExceptions->handleShutdown()
#3 F:\wamp\www\ysProject\vendor\composer\ClassLoader.php(301): Composer\Autoload\includeFile()
#4 F:\wamp\www\ysProject\vendor\laravel\framework\src\Illuminate\Routing\Controller.php(0): Composer\Autoload\ClassLoader->loadClass()
#5 F:\wamp\www\ysProject\vendor\laravel\framework\src\Illuminate\Routing\Controller.php(34): spl_autoload_call()
#6 F:\wamp\www\ysProject\vendor\laravel\framework\src\Illuminate\Routing\Controller.php(76): App\Http\Controllers\Admin\StudioController->submitStudioInfo()
#7 F:\wamp\www\ysProject\vendor\laravel\framework\src\Illuminate\Routing\Controller.php(76): call_user_func_array:{F:\wamp\www\ysProject\vendor\laravel\framework\src\Illuminate\Routing\Controller.php:76}()
#8 F:\wamp\www\ysProject\vendor\laravel\framework\src\Illuminate\Routing\ControllerDispatcher.php(146): Illuminate\Routing\Controller->callAction()
#9 F:\wamp\www\ysProject\vendor\laravel\framework\src\Illuminate\Routing\ControllerDispatcher.php(94): Illuminate\Routing\ControllerDispatcher->call()
#10 F:\wamp\www\ysProject\vendor\laravel\framework\src\Illuminate\Routing\Pipeline.php(52): Illuminate\Routing\ControllerDispatcher->Illuminate\Routing\{closure}()
#11 F:\wamp\www\ysProject\vendor\laravel\framework\src\Illuminate\Routing\Pipeline.php(52): call_user_func:{F:\wamp\www\ysProject\vendor\laravel\framework\src\Illuminate\Routing\Pipeline.php:52}()
#12 F:\wamp\www\ysProject\vendor\laravel\framework\src\Illuminate\Pipeline\Pipeline.php(103): Illuminate\Routing\Pipeline->Illuminate\Routing\{closure}()
#13 F:\wamp\www\ysProject\vendor\laravel\framework\src\Illuminate\Pipeline\Pipeline.php(103): call_user_func:{F:\wamp\www\ysProject\vendor\laravel\framework\src\Illuminate\Pipeline\Pipeline.php:103}()
#14 F:\wamp\www\ysProject\vendor\laravel\framework\src\Illuminate\Routing\ControllerDispatcher.php(96): Illuminate\Pipeline\Pipeline->then()
#15 F:\wamp\www\ysProject\vendor\laravel\framework\src\Illuminate\Routing\ControllerDispatcher.php(54): Illuminate\Routing\ControllerDispatcher->callWithinStack()
#16 F:\wamp\www\ysProject\vendor\laravel\framework\src\Illuminate\Routing\Route.php(174): Illuminate\Routing\ControllerDispatcher->dispatch()
#17 F:\wamp\www\ysProject\vendor\laravel\framework\src\Illuminate\Routing\Route.php(140): Illuminate\Routing\Route->runController()
#18 F:\wamp\www\ysProject\vendor\laravel\framework\src\Illuminate\Routing\Router.php(703): Illuminate\Routing\Route->run()
#19 F:\wamp\www\ysProject\vendor\laravel\framework\src\Illuminate\Routing\Pipeline.php(52): Illuminate\Routing\Router->Illuminate\Routing\{closure}()
#20 F:\wamp\www\ysProject\vendor\laravel\framework\src\Illuminate\Routing\Pipeline.php(52): call_user_func:{F:\wamp\www\ysProject\vendor\laravel\framework\src\Illuminate\Routing\Pipeline.php:52}()
#21 F:\wamp\www\ysProject\vendor\laravel\framework\src\Illuminate\Pipeline\Pipeline.php(103): Illuminate\Routing\Pipeline->Illuminate\Routing\{closure}()
#22 F:\wamp\www\ysProject\vendor\laravel\framework\src\Illuminate\Pipeline\Pipeline.php(103): call_user_func:{F:\wamp\www\ysProject\vendor\laravel\framework\src\Illuminate\Pipeline\Pipeline.php:103}()
#23 F:\wamp\www\ysProject\vendor\laravel\framework\src\Illuminate\Routing\Router.php(705): Illuminate\Pipeline\Pipeline->then()
#24 F:\wamp\www\ysProject\vendor\laravel\framework\src\Illuminate\Routing\Router.php(678): Illuminate\Routing\Router->runRouteWithinStack()
#25 F:\wamp\www\ysProject\vendor\laravel\framework\src\Illuminate\Routing\Router.php(654): Illuminate\Routing\Router->dispatchToRoute()
#26 F:\wamp\www\ysProject\vendor\laravel\framework\src\Illuminate\Foundation\Http\Kernel.php(246): Illuminate\Routing\Router->dispatch()
#27 F:\wamp\www\ysProject\vendor\laravel\framework\src\Illuminate\Routing\Pipeline.php(52): Illuminate\Foundation\Http\Kernel->Illuminate\Foundation\Http\{closure}()
#28 F:\wamp\www\ysProject\vendor\laravel\framework\src\Illuminate\Routing\Pipeline.php(52): call_user_func:{F:\wamp\www\ysProject\vendor\laravel\framework\src\Illuminate\Routing\Pipeline.php:52}()
#29 F:\wamp\www\ysProject\vendor\barryvdh\laravel-debugbar\src\Middleware\Debugbar.php(49): Illuminate\Routing\Pipeline->Illuminate\Routing\{closure}()
#30 F:\wamp\www\ysProject\vendor\laravel\framework\src\Illuminate\Pipeline\Pipeline.php(124): Barryvdh\Debugbar\Middleware\Debugbar->handle()
#31 F:\wamp\www\ysProject\vendor\laravel\framework\src\Illuminate\Pipeline\Pipeline.php(124): call_user_func_array:{F:\wamp\www\ysProject\vendor\laravel\framework\src\Illuminate\Pipeline\Pipeline.php:124}()
#32 F:\wamp\www\ysProject\vendor\laravel\framework\src\Illuminate\Routing\Pipeline.php(32): Illuminate\Pipeline\Pipeline->Illuminate\Pipeline\{closure}()
#33 F:\wamp\www\ysProject\vendor\laravel\framework\src\Illuminate\Routing\Pipeline.php(32): call_user_func:{F:\wamp\www\ysProject\vendor\laravel\framework\src\Illuminate\Routing\Pipeline.php:32}()
#34 F:\wamp\www\ysProject\vendor\laravel\framework\src\Illuminate\Foundation\Http\Middleware\CheckForMaintenanceMode.php(44): Illuminate\Routing\Pipeline->Illuminate\Routing\{closure}()
#35 F:\wamp\www\ysProject\vendor\laravel\framework\src\Illuminate\Pipeline\Pipeline.php(124): Illuminate\Foundation\Http\Middleware\CheckForMaintenanceMode->handle()
#36 F:\wamp\www\ysProject\vendor\laravel\framework\src\Illuminate\Pipeline\Pipeline.php(124): call_user_func_array:{F:\wamp\www\ysProject\vendor\laravel\framework\src\Illuminate\Pipeline\Pipeline.php:124}()
#37 F:\wamp\www\ysProject\vendor\laravel\framework\src\Illuminate\Routing\Pipeline.php(32): Illuminate\Pipeline\Pipeline->Illuminate\Pipeline\{closure}()
#38 F:\wamp\www\ysProject\vendor\laravel\framework\src\Illuminate\Routing\Pipeline.php(32): call_user_func:{F:\wamp\www\ysProject\vendor\laravel\framework\src\Illuminate\Routing\Pipeline.php:32}()
#39 F:\wamp\www\ysProject\vendor\laravel\framework\src\Illuminate\Pipeline\Pipeline.php(103): Illuminate\Routing\Pipeline->Illuminate\Routing\{closure}()
#40 F:\wamp\www\ysProject\vendor\laravel\framework\src\Illuminate\Pipeline\Pipeline.php(103): call_user_func:{F:\wamp\www\ysProject\vendor\laravel\framework\src\Illuminate\Pipeline\Pipeline.php:103}()
#41 F:\wamp\www\ysProject\vendor\laravel\framework\src\Illuminate\Foundation\Http\Kernel.php(132): Illuminate\Pipeline\Pipeline->then()
#42 F:\wamp\www\ysProject\vendor\laravel\framework\src\Illuminate\Foundation\Http\Kernel.php(99): Illuminate\Foundation\Http\Kernel->sendRequestThroughRouter()
#43 F:\wamp\www\ysProject\public\index.php(54): Illuminate\Foundation\Http\Kernel->handle()
#44 F:\wamp\www\ysProject\public\index.php(0): {main}()
#45 {main}  
